<?xml version="1.0" encoding="UTF-8"?>
<!-- Generated by org.testng.reporters.JUnitReportReporter -->
<testsuite skipped="0" hostname="DESKTOP-KL917OO" name="com.qa.qover.tests.GetQuotePageTest" tests="2" failures="0" timestamp="31 Jan 2023 19:35:38 GMT" time="42.358" errors="0">
  <testcase name="VerifyquotGeneration_TheftandAssistance" time="16.972" classname="com.qa.qover.tests.GetQuotePageTest"/>
  <testcase name="VerifyquotGeneration_TheftandAssistance" time="25.386" classname="com.qa.qover.tests.GetQuotePageTest"/>
</testsuite> <!-- com.qa.qover.tests.GetQuotePageTest -->
